<?xml version="1.0" encoding="UTF-8"?>
<!-- Generated by org.testng.reporters.JUnitReportReporter -->
<testsuite hostname="DESKTOP-Q9R4LGA" failures="0" tests="6" name="api.test.PostTest" time="3.825" errors="0" timestamp="2023-09-25T14:08:46 WIB" skipped="0">
  <testcase classname="api.test.PostTest" name="PST001" time="0.789"/>
  <system-out/>
  <testcase classname="api.test.PostTest" name="PST002" time="0.617"/>
  <system-out/>
  <testcase classname="api.test.PostTest" name="PST003" time="0.616"/>
  <system-out/>
  <testcase classname="api.test.PostTest" name="PST004" time="0.548"/>
  <system-out/>
  <testcase classname="api.test.PostTest" name="PST005" time="0.634"/>
  <system-out/>
  <testcase classname="api.test.PostTest" name="PST006" time="0.621"/>
  <system-out/>
</testsuite> <!-- api.test.PostTest -->
