<?xml version="1.0" encoding="UTF-8"?>
<!-- Generated by org.testng.reporters.JUnitReportReporter -->
<testsuite hostname="DESKTOP-Q9R4LGA" failures="0" tests="5" name="api.test.CommentTest" time="3.472" errors="0" timestamp="2023-09-25T14:08:46 WIB" skipped="0">
  <testcase classname="api.test.CommentTest" name="CMT001" time="0.704"/>
  <system-out/>
  <testcase classname="api.test.CommentTest" name="CMT002" time="0.602"/>
  <system-out/>
  <testcase classname="api.test.CommentTest" name="CMT003" time="0.786"/>
  <system-out/>
  <testcase classname="api.test.CommentTest" name="CMT005" time="0.466"/>
  <system-out/>
  <testcase classname="api.test.CommentTest" name="CMT004" time="0.914"/>
  <system-out/>
</testsuite> <!-- api.test.CommentTest -->
