<?xml version="1.0" encoding="UTF-8"?>
<!-- Generated by org.testng.reporters.JUnitReportReporter -->
<testsuite hostname="DESKTOP-Q9R4LGA" failures="0" tests="4" name="api.test.DataDriven" time="8.813" errors="0" timestamp="2023-07-10T02:08:53 WIB" skipped="0">
  <testcase classname="api.test.DataDriven" name="testPostUser" time="1.552"/>
  <system-out/>
  <testcase classname="api.test.DataDriven" name="testPostUser" time="4.139"/>
  <system-out/>
  <testcase classname="api.test.DataDriven" name="testDeleteUser" time="1.543"/>
  <system-out/>
  <testcase classname="api.test.DataDriven" name="testDeleteUser" time="1.579"/>
  <system-out/>
</testsuite> <!-- api.test.DataDriven -->
