<?xml version="1.0" encoding="UTF-8"?>
<!-- Generated by org.testng.reporters.JUnitReportReporter -->
<testsuite hostname="DESKTOP-Q9R4LGA" failures="0" tests="10" name="api.test.End2end" time="9.039" errors="0" timestamp="2023-10-02T22:03:48 WIB" skipped="0">
  <testcase classname="api.test.End2end" name="e2e001" time="3.464"/>
  <system-out/>
  <testcase classname="api.test.End2end" name="e2e002" time="0.562"/>
  <system-out/>
  <testcase classname="api.test.End2end" name="e2e003" time="0.438"/>
  <system-out/>
  <testcase classname="api.test.End2end" name="e2e004" time="0.696"/>
  <system-out/>
  <testcase classname="api.test.End2end" name="e2e005" time="1.036"/>
  <system-out/>
  <testcase classname="api.test.End2end" name="e2e006" time="0.528"/>
  <system-out/>
  <testcase classname="api.test.End2end" name="e2e007" time="0.540"/>
  <system-out/>
  <testcase classname="api.test.End2end" name="e2e008" time="0.610"/>
  <system-out/>
  <testcase classname="api.test.End2end" name="e2e008" time="0.630"/>
  <system-out/>
  <testcase classname="api.test.End2end" name="e2e009" time="0.535"/>
  <system-out/>
</testsuite> <!-- api.test.End2end -->
