<?xml version="1.0" encoding="UTF-8"?>
<!-- Generated by org.testng.reporters.JUnitReportReporter -->
<testsuite hostname="DESKTOP-Q9R4LGA" failures="0" tests="10" name="api.test.CommentTest" time="6.931" errors="0" timestamp="2023-10-18T23:13:53 WIB" skipped="0">
  <testcase classname="api.test.CommentTest" name="CMT001" time="1.059"/>
  <system-out/>
  <testcase classname="api.test.CommentTest" name="CMT002" time="0.639"/>
  <system-out/>
  <testcase classname="api.test.CommentTest" name="CMT003" time="0.652"/>
  <system-out/>
  <testcase classname="api.test.CommentTest" name="CMT005" time="0.634"/>
  <system-out/>
  <testcase classname="api.test.CommentTest" name="CMT101" time="0.621"/>
  <system-out/>
  <testcase classname="api.test.CommentTest" name="CMT102" time="0.616"/>
  <system-out/>
  <testcase classname="api.test.CommentTest" name="CMT103" time="0.565"/>
  <system-out/>
  <testcase classname="api.test.CommentTest" name="CMT104" time="0.641"/>
  <system-out/>
  <testcase classname="api.test.CommentTest" name="CMT105" time="0.559"/>
  <system-out/>
  <testcase classname="api.test.CommentTest" name="CMT004" time="0.945"/>
  <system-out/>
</testsuite> <!-- api.test.CommentTest -->
