<?xml version="1.0" encoding="UTF-8"?>
<!-- Generated by org.testng.reporters.JUnitReportReporter -->
<testsuite hostname="DESKTOP-Q9R4LGA" failures="0" tests="6" name="api.test.PostTest" time="3.699" errors="0" timestamp="2023-10-02T22:01:18 WIB" skipped="0">
  <testcase classname="api.test.PostTest" name="PST001" time="1.275"/>
  <system-out/>
  <testcase classname="api.test.PostTest" name="PST002" time="0.434"/>
  <system-out/>
  <testcase classname="api.test.PostTest" name="PST003" time="0.569"/>
  <system-out/>
  <testcase classname="api.test.PostTest" name="PST004" time="0.479"/>
  <system-out/>
  <testcase classname="api.test.PostTest" name="PST005" time="0.578"/>
  <system-out/>
  <testcase classname="api.test.PostTest" name="PST006" time="0.364"/>
  <system-out/>
</testsuite> <!-- api.test.PostTest -->
