<?xml version="1.0" encoding="UTF-8"?>
<!-- Generated by org.testng.reporters.JUnitReportReporter -->
<testsuite hostname="DESKTOP-Q9R4LGA" failures="0" tests="8" name="api.test.UserTest" time="9.192" errors="0" timestamp="2023-09-25T14:08:46 WIB" skipped="0">
  <testcase classname="api.test.UserTest" name="USR001" time="4.751"/>
  <system-out/>
  <testcase classname="api.test.UserTest" name="USR002" time="0.686"/>
  <system-out/>
  <testcase classname="api.test.UserTest" name="USR003" time="0.708"/>
  <system-out/>
  <testcase classname="api.test.UserTest" name="USR003" time="0.690"/>
  <system-out/>
  <testcase classname="api.test.UserTest" name="USR005" time="0.608"/>
  <system-out/>
  <testcase classname="api.test.UserTest" name="USR006" time="0.751"/>
  <system-out/>
  <testcase classname="api.test.UserTest" name="USR007" time="0.595"/>
  <system-out/>
  <testcase classname="api.test.UserTest" name="USR004" time="0.403"/>
  <system-out/>
</testsuite> <!-- api.test.UserTest -->
