<?xml version="1.0" encoding="UTF-8"?>
<!-- Generated by org.testng.reporters.JUnitReportReporter -->
<testsuite hostname="DESKTOP-Q9R4LGA" failures="0" tests="2" name="api.test.DataDriven" time="3.633" errors="0" timestamp="2023-09-17T02:36:46 WIB" skipped="0">
  <testcase classname="api.test.DataDriven" name="testPostUser" time="3.063"/>
  <system-out/>
  <testcase classname="api.test.DataDriven" name="testPostUser" time="0.570"/>
  <system-out/>
</testsuite> <!-- api.test.DataDriven -->
