<?xml version="1.0" encoding="UTF-8"?>
<!-- Generated by org.testng.reporters.JUnitReportReporter -->
<testsuite hostname="DESKTOP-Q9R4LGA" failures="0" tests="8" name="api.test.UserTest" time="8.019" errors="0" timestamp="2023-10-02T21:50:41 WIB" skipped="0">
  <testcase classname="api.test.UserTest" name="USR001" time="3.920"/>
  <system-out/>
  <testcase classname="api.test.UserTest" name="USR002" time="0.621"/>
  <system-out/>
  <testcase classname="api.test.UserTest" name="USR003" time="0.627"/>
  <system-out/>
  <testcase classname="api.test.UserTest" name="USR003" time="0.558"/>
  <system-out/>
  <testcase classname="api.test.UserTest" name="USR005" time="0.493"/>
  <system-out/>
  <testcase classname="api.test.UserTest" name="USR006" time="0.590"/>
  <system-out/>
  <testcase classname="api.test.UserTest" name="USR007" time="0.630"/>
  <system-out/>
  <testcase classname="api.test.UserTest" name="USR004" time="0.580"/>
  <system-out/>
</testsuite> <!-- api.test.UserTest -->
