<?xml version="1.0" encoding="UTF-8"?>
<!-- Generated by org.testng.reporters.JUnitReportReporter -->
<testsuite hostname="DESKTOP-Q9R4LGA" failures="0" tests="6" name="api.test.PostTest" time="4.876" errors="0" timestamp="2023-09-21T12:01:26 WIB" skipped="0">
  <testcase classname="api.test.PostTest" name="PST001" time="1.226"/>
  <system-out/>
  <testcase classname="api.test.PostTest" name="PST002" time="0.839"/>
  <system-out/>
  <testcase classname="api.test.PostTest" name="PST003" time="0.603"/>
  <system-out/>
  <testcase classname="api.test.PostTest" name="PST004" time="0.959"/>
  <system-out/>
  <testcase classname="api.test.PostTest" name="PST005" time="0.667"/>
  <system-out/>
  <testcase classname="api.test.PostTest" name="PST006" time="0.582"/>
  <system-out/>
</testsuite> <!-- api.test.PostTest -->
