<?xml version="1.0" encoding="UTF-8"?>
<!-- Generated by org.testng.reporters.JUnitReportReporter -->
<testsuite hostname="DESKTOP-Q9R4LGA" failures="0" tests="13" name="api.test.UserTest" time="12.929" errors="0" timestamp="2023-10-18T11:33:53 WIB" skipped="0">
  <testcase classname="api.test.UserTest" name="USR001" time="4.216"/>
  <system-out/>
  <testcase classname="api.test.UserTest" name="USR002" time="0.604"/>
  <system-out/>
  <testcase classname="api.test.UserTest" name="USR003" time="0.747"/>
  <system-out/>
  <testcase classname="api.test.UserTest" name="USR003" time="0.585"/>
  <system-out/>
  <testcase classname="api.test.UserTest" name="USR005" time="0.401"/>
  <system-out/>
  <testcase classname="api.test.UserTest" name="USR006" time="0.612"/>
  <system-out/>
  <testcase classname="api.test.UserTest" name="USR007" time="0.790"/>
  <system-out/>
  <testcase classname="api.test.UserTest" name="USR103" time="0.641"/>
  <system-out/>
  <testcase classname="api.test.UserTest" name="USR101" time="0.558"/>
  <system-out/>
  <testcase classname="api.test.UserTest" name="USR102" time="1.373"/>
  <system-out/>
  <testcase classname="api.test.UserTest" name="USR104" time="1.277"/>
  <system-out/>
  <testcase classname="api.test.UserTest" name="USR105" time="0.553"/>
  <system-out/>
  <testcase classname="api.test.UserTest" name="USR004" time="0.572"/>
  <system-out/>
</testsuite> <!-- api.test.UserTest -->
