<?xml version="1.0" encoding="UTF-8"?>
<!-- Generated by org.testng.reporters.JUnitReportReporter -->
<testsuite hostname="DESKTOP-Q9R4LGA" failures="0" tests="4" name="api.test.PostTest" time="2.996" errors="0" timestamp="2023-09-18T20:25:34 WIB" skipped="0">
  <testcase classname="api.test.PostTest" name="PST001" time="1.117"/>
  <system-out/>
  <testcase classname="api.test.PostTest" name="PST002" time="0.640"/>
  <system-out/>
  <testcase classname="api.test.PostTest" name="PST003" time="0.647"/>
  <system-out/>
  <testcase classname="api.test.PostTest" name="PST004" time="0.592"/>
  <system-out/>
</testsuite> <!-- api.test.PostTest -->
