<?xml version="1.0" encoding="UTF-8"?>
<!-- Generated by org.testng.reporters.JUnitReportReporter -->
<testsuite hostname="DESKTOP-Q9R4LGA" failures="0" tests="9" name="api.test.PostTest" time="5.997" errors="0" timestamp="2023-10-18T22:54:50 WIB" skipped="0">
  <testcase classname="api.test.PostTest" name="PST001" time="1.053"/>
  <system-out/>
  <testcase classname="api.test.PostTest" name="PST002" time="0.621"/>
  <system-out/>
  <testcase classname="api.test.PostTest" name="PST003" time="0.667"/>
  <system-out/>
  <testcase classname="api.test.PostTest" name="PST004" time="0.637"/>
  <system-out/>
  <testcase classname="api.test.PostTest" name="PST005" time="0.671"/>
  <system-out/>
  <testcase classname="api.test.PostTest" name="PST102" time="0.574"/>
  <system-out/>
  <testcase classname="api.test.PostTest" name="PST103" time="0.585"/>
  <system-out/>
  <testcase classname="api.test.PostTest" name="PST101" time="0.583"/>
  <system-out/>
  <testcase classname="api.test.PostTest" name="PST006" time="0.606"/>
  <system-out/>
</testsuite> <!-- api.test.PostTest -->
