<?xml version="1.0" encoding="UTF-8"?>
<!-- Generated by org.testng.reporters.JUnitReportReporter -->
<testsuite hostname="DESKTOP-Q9R4LGA" failures="0" tests="5" name="api.test.CommentTest" time="3.194" errors="0" timestamp="2023-10-02T21:50:41 WIB" skipped="0">
  <testcase classname="api.test.CommentTest" name="CMT001" time="0.588"/>
  <system-out/>
  <testcase classname="api.test.CommentTest" name="CMT002" time="0.526"/>
  <system-out/>
  <testcase classname="api.test.CommentTest" name="CMT003" time="0.636"/>
  <system-out/>
  <testcase classname="api.test.CommentTest" name="CMT005" time="0.511"/>
  <system-out/>
  <testcase classname="api.test.CommentTest" name="CMT004" time="0.933"/>
  <system-out/>
</testsuite> <!-- api.test.CommentTest -->
