<?xml version="1.0" encoding="UTF-8"?>
<!-- Generated by org.testng.reporters.JUnitReportReporter -->
<testsuite hostname="DESKTOP-Q9R4LGA" failures="0" tests="4" name="api.test.CommentTest" time="3.193" errors="0" timestamp="2023-09-25T10:13:15 WIB" skipped="0">
  <testcase classname="api.test.CommentTest" name="CMT001" time="0.982"/>
  <system-out/>
  <testcase classname="api.test.CommentTest" name="CMT002" time="0.622"/>
  <system-out/>
  <testcase classname="api.test.CommentTest" name="CMT003" time="0.666"/>
  <system-out/>
  <testcase classname="api.test.CommentTest" name="CMT004" time="0.923"/>
  <system-out/>
</testsuite> <!-- api.test.CommentTest -->
