<?xml version="1.0" encoding="UTF-8"?>
<!-- Generated by org.testng.reporters.JUnitReportReporter -->
<testsuite hostname="DESKTOP-Q9R4LGA" failures="0" tests="10" name="api.test.End2end" time="8.868" errors="0" timestamp="2023-10-04T12:36:06 WIB" skipped="0">
  <testcase classname="api.test.End2end" name="e2e001" time="3.531"/>
  <system-out/>
  <testcase classname="api.test.End2end" name="e2e002" time="0.568"/>
  <system-out/>
  <testcase classname="api.test.End2end" name="e2e003" time="0.640"/>
  <system-out/>
  <testcase classname="api.test.End2end" name="e2e004" time="0.662"/>
  <system-out/>
  <testcase classname="api.test.End2end" name="e2e005" time="0.916"/>
  <system-out/>
  <testcase classname="api.test.End2end" name="e2e006" time="0.369"/>
  <system-out/>
  <testcase classname="api.test.End2end" name="e2e007" time="0.378"/>
  <system-out/>
  <testcase classname="api.test.End2end" name="e2e008" time="0.595"/>
  <system-out/>
  <testcase classname="api.test.End2end" name="e2e008" time="0.615"/>
  <system-out/>
  <testcase classname="api.test.End2end" name="e2e009" time="0.594"/>
  <system-out/>
</testsuite> <!-- api.test.End2end -->
